<?xml version="1.0" encoding="UTF-8"?>
<!-- Generated by org.testng.reporters.JUnitXMLReporter -->
<testsuite ignored="0" hostname="DESKTOP-MFUE418" failures="0" tests="6" name="Default test" time="60.371" errors="0" timestamp="2023-08-09T14:52:05 EDT">
  <testcase classname="home.CreateNewFileTest" name="Verify_Create_New_Mortgage_File" time="12.08"/>
  <testcase classname="home.CreateNewFileTest" name="Verify_Create_New_Purchase_File" time="9.746"/>
  <testcase classname="home.CreateNewFileTest" name="Verify_Create_New_Sale_File" time="12.394"/>
  <testcase classname="home.CreateNewFileTest" name="Verify_Create_button_should_be_Enable_or_Disable_based_on_condition" time="4.604"/>
  <testcase classname="home.CreateNewFileTest" name="verify_Fields_should_be_reflect_based_on_File_types" time="4.046"/>
  <testcase classname="home.CreateNewFileTest" name="verify_warning_message_while_provide_same_name_that_already_exist_in_database" time="6.015"/>
</testsuite> <!-- Default test -->
