<?xml version="1.0" encoding="UTF-8"?>
<!-- Generated by org.testng.reporters.JUnitXMLReporter -->
<testsuite ignored="0" hostname="DESKTOP-VK574E3" failures="1" tests="4" name="Default test" time="218.66" errors="0" timestamp="2023-10-27T09:13:56 EDT">
  <testcase classname="details_section.Contract.PropertyTest" name="Verify_In_Property_Section_Property_type_Dropdown_options" time="47.458"/>
  <testcase classname="details_section.Contract.PropertyTest" name="Verify_In_Survey_Section_Survey_options_Yes_or_No_working_proper_or_not" time="56.802">
    <failure type="java.lang.AssertionError" message="FAIL :No Survey names are available in Pop up">
      <![CDATA[java.lang.AssertionError: FAIL :No Survey names are available in Pop up
at org.testng.Assert.fail(Assert.java:111)
at details_section.PageObject.CONTRACT.Property.performSurveyAction(Property.java:300)
at details_section.PageObject.CONTRACT.Property.Survey(Property.java:272)
at details_section.Contract.PropertyTest.Verify_In_Survey_Section_Survey_options_Yes_or_No_working_proper_or_not(PropertyTest.java:59)
at java.base/jdk.internal.reflect.NativeMethodAccessorImpl.invoke0(Native Method)
at java.base/jdk.internal.reflect.NativeMethodAccessorImpl.invoke(NativeMethodAccessorImpl.java:77)
at java.base/jdk.internal.reflect.DelegatingMethodAccessorImpl.invoke(DelegatingMethodAccessorImpl.java:43)
at java.base/java.lang.reflect.Method.invoke(Method.java:568)
at org.testng.internal.invokers.MethodInvocationHelper.invokeMethod(MethodInvocationHelper.java:139)
at org.testng.internal.invokers.TestInvoker.invokeMethod(TestInvoker.java:664)
at org.testng.internal.invokers.TestInvoker.invokeTestMethod(TestInvoker.java:227)
at org.testng.internal.invokers.MethodRunner.runInSequence(MethodRunner.java:50)
at org.testng.internal.invokers.TestInvoker$MethodInvocationAgent.invoke(TestInvoker.java:957)
at org.testng.internal.invokers.TestInvoker.invokeTestMethods(TestInvoker.java:200)
at org.testng.internal.invokers.TestMethodWorker.invokeTestMethods(TestMethodWorker.java:148)
at org.testng.internal.invokers.TestMethodWorker.run(TestMethodWorker.java:128)
at java.base/java.util.ArrayList.forEach(ArrayList.java:1511)
at org.testng.TestRunner.privateRun(TestRunner.java:848)
at org.testng.TestRunner.run(TestRunner.java:621)
at org.testng.SuiteRunner.runTest(SuiteRunner.java:443)
at org.testng.SuiteRunner.runSequentially(SuiteRunner.java:437)
at org.testng.SuiteRunner.privateRun(SuiteRunner.java:397)
at org.testng.SuiteRunner.run(SuiteRunner.java:336)
at org.testng.SuiteRunnerWorker.runSuite(SuiteRunnerWorker.java:52)
at org.testng.SuiteRunnerWorker.run(SuiteRunnerWorker.java:95)
at org.testng.TestNG.runSuitesSequentially(TestNG.java:1280)
at org.testng.TestNG.runSuitesLocally(TestNG.java:1200)
at org.testng.TestNG.runSuites(TestNG.java:1114)
at org.testng.TestNG.run(TestNG.java:1082)
at org.testng.remote.AbstractRemoteTestNG.run(AbstractRemoteTestNG.java:115)
at org.testng.remote.RemoteTestNG.initAndRun(RemoteTestNG.java:251)
at org.testng.remote.RemoteTestNG.main(RemoteTestNG.java:77)
]]>
    </failure>
  </testcase> <!-- Verify_In_Survey_Section_Survey_options_Yes_or_No_working_proper_or_not -->
  <testcase classname="details_section.Contract.PropertyTest" name="Verify_PostalCode_In_Property_address_Section" time="50.146"/>
  <testcase classname="details_section.Contract.PropertyTest" name="Verify_Property_address_different_fields_and_also_verify_in_Basic_tab" time="47.771"/>
</testsuite> <!-- Default test -->
