<?xml version="1.0" encoding="UTF-8"?>
<!-- Generated by org.testng.reporters.JUnitXMLReporter -->
<testsuite ignored="0" hostname="DESKTOP-MFUE418" failures="0" tests="4" name="Default test" time="12.165" errors="0" timestamp="2023-08-09T15:33:55 EDT">
  <testcase classname="loginPage.LoginPageTest" name="Verify_Login_Page_Working_Proper_Or_Not" time="1.542"/>
  <testcase classname="loginPage.LoginPageTest" name="Verify_validation_when_AccountName_is_wrong" time="1.026"/>
  <testcase classname="loginPage.LoginPageTest" name="Verify_validation_when_password_is_wrong" time="0.757"/>
  <testcase classname="loginPage.LoginPageTest" name="Verify_validation_when_username_is_wrong" time="0.763"/>
</testsuite> <!-- Default test -->
