<?xml version="1.0" encoding="UTF-8"?>
<!-- Generated by org.testng.reporters.JUnitXMLReporter -->
<testsuite ignored="0" hostname="DESKTOP-VK574E3" failures="0" tests="4" name="Default test" time="24.527" errors="0" timestamp="2023-07-31T15:02:24 EDT">
  <testcase classname="loginPage.LoginPageTest" name="Verify_Login_Page_Working_Proper_Or_Not" time="3.408"/>
  <testcase classname="loginPage.LoginPageTest" name="Verify_validation_when_AccountName_is_wrong" time="1.11"/>
  <testcase classname="loginPage.LoginPageTest" name="Verify_validation_when_password_is_wrong" time="0.982"/>
  <testcase classname="loginPage.LoginPageTest" name="Verify_validation_when_username_is_wrong" time="0.892"/>
</testsuite> <!-- Default test -->
