<?xml version="1.0" encoding="UTF-8"?>
<!-- Generated by org.testng.reporters.JUnitXMLReporter -->
<testsuite ignored="0" hostname="DESKTOP-VK574E3" failures="0" tests="9" name="BasicSection" time="534.978" errors="0" timestamp="2023-10-27T11:18:35 EDT">
  <testcase classname="details_section.Contract.BasicTest" name="Verify_In_BasicSection_File_Configuration_Different_fields_working_proper_or_not" time="46.225"/>
  <testcase classname="details_section.Contract.BasicTest" name="Verify_In_BasicSection_File_Details_Conveyancer_working_proper_or_not" time="46.097"/>
  <testcase classname="details_section.Contract.BasicTest" name="Verify_In_BasicSection_File_Details_FirmContactAddEditDelete_working_proper_or_not" time="47.198"/>
  <testcase classname="details_section.Contract.BasicTest" name="Verify_In_BasicSection_File_Details_Responsible_Lawyer_working_proper_or_not" time="58.492"/>
  <testcase classname="details_section.Contract.BasicTest" name="Verify_In_BasicSection_Fire_Insurance_Different_fields_working_proper_or_not" time="59.141"/>
  <testcase classname="details_section.Contract.BasicTest" name="Verify_In_BasicSection_MortgageBrokerFee_field_working_proper_or_not" time="48.276"/>
  <testcase classname="details_section.Contract.BasicTest" name="Verify_In_BasicSection_Mortgage_Broker_field_working_proper_or_not" time="59.52"/>
  <testcase classname="details_section.Contract.BasicTest" name="Verify_In_BasicSection_Transferee_Different_Criteria_working_proper_or_not" time="66.759"/>
  <testcase classname="details_section.Contract.BasicTest" name="Verify_In_BasicSection_Transferor_Different_Criteria_working_proper_or_not" time="67.038"/>
</testsuite> <!-- BasicSection -->
