<?xml version="1.0" encoding="UTF-8"?>
<!-- Generated by org.testng.reporters.JUnitXMLReporter -->
<testsuite ignored="0" hostname="DESKTOP-VK574E3" failures="0" tests="9" name="ContractSection" time="509.036" errors="0" timestamp="2023-10-27T11:27:04 EDT">
  <testcase classname="details_section.Contract.ContractTest" name="Verify_Lawyer_field_with_Law_Society_of_Ontario_functionality" time="60.086"/>
  <testcase classname="details_section.Contract.ContractTest" name="Verify_To_Reside_at_Property_on_Closing_field_based_on_Yes_or_No_changes" time="46.577"/>
  <testcase classname="details_section.Contract.ContractTest" name="Verify_in_Consideration_section_Consideration_field_working_proper_or_not" time="50.682"/>
  <testcase classname="details_section.Contract.ContractTest" name="Verify_in_Contract_section_Closing_date_field_working_proper_or_not" time="47.592"/>
  <testcase classname="details_section.Contract.ContractTest" name="Verify_in_Contract_section_offer_conditional_date_field_working_proper_or_not" time="46.509"/>
  <testcase classname="details_section.Contract.ContractTest" name="Verify_in_Deposit_section_Deposit_field_working_proper_or_not" time="47.086"/>
  <testcase classname="details_section.Contract.ContractTest" name="Verify_in_HST_section_HST_functionality_working_proper_or_not" time="50.871"/>
  <testcase classname="details_section.Contract.ContractTest" name="Verify_in_RealEstateCommissions_section_Broker_contractPrice_functionality_working_proper_or_not" time="52.08"/>
  <testcase classname="details_section.Contract.ContractTest" name="Verify_in_RealEstateCommissions_section_Broker_functionality_working_proper_or_not" time="72.734"/>
</testsuite> <!-- ContractSection -->
