<?xml version="1.0" encoding="UTF-8"?>
<!-- Generated by org.testng.reporters.JUnitXMLReporter -->
<testsuite ignored="0" hostname="DESKTOP-VK574E3" failures="1" tests="9" name="ContractSection" time="411.262" errors="0" timestamp="2023-10-24T09:35:47 EDT">
  <testcase classname="details_section.Contract.ContractTest" name="Verify_Lawyer_field_with_Law_Society_of_Ontario_functionality" time="50.305"/>
  <testcase classname="details_section.Contract.ContractTest" name="Verify_To_Reside_at_Property_on_Closing_field_based_on_Yes_or_No_changes" time="37.203"/>
  <testcase classname="details_section.Contract.ContractTest" name="Verify_in_Consideration_section_Consideration_field_working_proper_or_not" time="41.332"/>
  <testcase classname="details_section.Contract.ContractTest" name="Verify_in_Contract_section_Closing_date_field_working_proper_or_not" time="37.763"/>
  <testcase classname="details_section.Contract.ContractTest" name="Verify_in_Contract_section_offer_conditional_date_field_working_proper_or_not" time="38.475"/>
  <testcase classname="details_section.Contract.ContractTest" name="Verify_in_Deposit_section_Deposit_field_working_proper_or_not" time="37.948"/>
  <testcase classname="details_section.Contract.ContractTest" name="Verify_in_HST_section_HST_functionality_working_proper_or_not" time="41.939"/>
  <testcase classname="details_section.Contract.ContractTest" name="Verify_in_RealEstateCommissions_section_Broker_contractPrice_functionality_working_proper_or_not" time="42.221"/>
  <testcase classname="details_section.Contract.ContractTest" name="Verify_in_RealEstateCommissions_section_Broker_functionality_working_proper_or_not" time="49.505">
    <failure type="java.lang.AssertionError" message="****FAIL: Broker name does not match.****">
      <![CDATA[java.lang.AssertionError: ****FAIL: Broker name does not match.****
at details_section.PageObject.CONTRACT.Contract.Broker(Contract.java:466)
at details_section.Contract.ContractTest.Verify_in_RealEstateCommissions_section_Broker_functionality_working_proper_or_not(ContractTest.java:88)
at java.base/java.util.ArrayList.forEach(ArrayList.java:1511)
... Removed 28 stack frames]]>
    </failure>
  </testcase> <!-- Verify_in_RealEstateCommissions_section_Broker_functionality_working_proper_or_not -->
</testsuite> <!-- ContractSection -->
