<?xml version="1.0" encoding="UTF-8"?>
<!-- Generated by org.testng.reporters.JUnitXMLReporter -->
<testsuite ignored="0" hostname="DESKTOP-VK574E3" failures="0" tests="6" name="CreateNewFile" time="60.674" errors="0" timestamp="2023-08-02T13:25:38 EDT">
  <testcase classname="home.CreateNewFileTest" name="Verify_Create_New_Mortgage_File" time="10.351"/>
  <testcase classname="home.CreateNewFileTest" name="Verify_Create_New_Purchase_File" time="9.053"/>
  <testcase classname="home.CreateNewFileTest" name="Verify_Create_New_Sale_File" time="12.885"/>
  <testcase classname="home.CreateNewFileTest" name="Verify_Create_button_should_be_Disable_based_on_condition" time="4.966"/>
  <testcase classname="home.CreateNewFileTest" name="verify_Fields_should_be_reflect_based_on_File_types" time="4.275"/>
  <testcase classname="home.CreateNewFileTest" name="verify_warning_message_while_provide_same_name_that_already_exist_in_database" time="6.134"/>
</testsuite> <!-- CreateNewFile -->
