<?xml version="1.0" encoding="UTF-8"?>
<!-- Generated by org.testng.reporters.JUnitXMLReporter -->
<testsuite ignored="0" hostname="DESKTOP-VK574E3" failures="0" tests="2" name="FileList" time="294.442" errors="0" timestamp="2023-10-27T11:08:10 EDT">
  <testcase classname="home.FileListTest" name="Verify_Archive_and_Activate_option_working_proper_or_not" time="26.498"/>
  <testcase classname="home.FileListTest" name="Verify_Free_search_Functionality_working_or_not" time="259.074"/>
</testsuite> <!-- FileList -->
