<?xml version="1.0" encoding="UTF-8"?>
<!-- Generated by org.testng.reporters.JUnitXMLReporter -->
<testsuite ignored="0" hostname="DESKTOP-VK574E3" failures="0" tests="2" name="FileList" time="224.178" errors="0" timestamp="2023-08-31T12:35:00 EDT">
  <testcase classname="home.FileListTest" name="Verify_Archive_and_Activate_option_working_proper_or_not" time="36.34"/>
  <testcase classname="home.FileListTest" name="Verify_In_Free_search_working_or_not" time="184.795"/>
</testsuite> <!-- FileList -->
