<?xml version="1.0" encoding="UTF-8"?>
<!-- Generated by org.testng.reporters.JUnitXMLReporter -->
<testsuite ignored="0" hostname="DESKTOP-VK574E3" failures="0" tests="4" name="Login" time="14.425" errors="0" timestamp="2023-08-02T13:24:37 EDT">
  <testcase classname="loginPage.LoginPageTest" name="Verify_Login_Page_Working_Proper_Or_Not" time="1.537"/>
  <testcase classname="loginPage.LoginPageTest" name="Verify_validation_when_AccountName_is_wrong" time="1.165"/>
  <testcase classname="loginPage.LoginPageTest" name="Verify_validation_when_password_is_wrong" time="0.841"/>
  <testcase classname="loginPage.LoginPageTest" name="Verify_validation_when_username_is_wrong" time="0.804"/>
</testsuite> <!-- Login -->
