<?xml version="1.0" encoding="UTF-8"?>
<!-- Generated by org.testng.reporters.JUnitXMLReporter -->
<testsuite ignored="0" hostname="DESKTOP-VK574E3" failures="0" tests="4" name="logout" time="10.296" errors="0" timestamp="2023-01-16T10:05:29 EST">
  <testcase classname="loginPage.LoginPageTest" name="Verify_Login_Page_Working_Proper_Or_Not" time="2.282"/>
  <testcase classname="loginPage.LoginPageTest" name="Verify_validation_when_AccountName_is_wrong" time="0.58"/>
  <testcase classname="loginPage.LoginPageTest" name="Verify_validation_when_password_is_wrong" time="0.705"/>
  <testcase classname="loginPage.LoginPageTest" name="Verify_validation_when_username_is_wrong" time="0.684"/>
</testsuite> <!-- logout -->
