<?xml version="1.0" encoding="UTF-8"?>
<!-- Generated by org.testng.reporters.JUnitXMLReporter -->
<testsuite ignored="0" hostname="DESKTOP-VK574E3" failures="0" tests="2" name="MainPageTest" time="24.4" errors="0" timestamp="2023-01-30T14:29:17 EST">
  <testcase classname="menubar_MainPage.MainPageTest" name="Verify_Create_New__File_Option" time="3.043"/>
  <testcase classname="menubar_MainPage.MainPageTest" name="Verify_Purchase_File_is_open_or_not" time="2.629"/>
</testsuite> <!-- MainPageTest -->
