<?xml version="1.0" encoding="UTF-8"?>
<!-- Generated by org.testng.reporters.JUnitXMLReporter -->
<testsuite ignored="0" hostname="DESKTOP-VK574E3" failures="0" tests="4"
	name="PropertySection" time="209.106" errors="0"
	timestamp="2023-10-27T11:30:33 EDT">
	<testcase classname="details_section.Contract.PropertyTest"
		name="Verify_In_Property_Section_Property_type_Dropdown_options"
		time="47.93" />
	<testcase classname="details_section.Contract.PropertyTest"
		name="Verify_In_Survey_Section_Survey_options_Yes_or_No_working_proper_or_not"
		time="47.266" />
	<testcase classname="details_section.Contract.PropertyTest"
		name="Verify_PostalCode_In_Property_address_Section" time="50.964" />
	<testcase classname="details_section.Contract.PropertyTest"
		name="Verify_Property_address_different_fields_and_also_verify_in_Basic_tab"
		time="47.971" />
</testsuite> <!-- PropertySection -->
