<?xml version="1.0" encoding="UTF-8"?>
<testng-results ignored="0" total="1" passed="1" failed="0" skipped="0">
  <reporter-output>
  </reporter-output>
  <suite started-at="2024-04-16T11:10:40 EDT" name="Default suite" finished-at="2024-04-16T11:16:30 EDT" duration-ms="349676">
    <groups>
    </groups>
    <test started-at="2024-04-16T11:10:40 EDT" name="Default test" finished-at="2024-04-16T11:16:30 EDT" duration-ms="349676">
      <class name="notes_and_pin.NotesTest">
        <test-method is-config="true" signature="setupLoginData()[pri:0, instance:notes_and_pin.NotesTest@6f8e8894]" started-at="2024-04-16T11:10:40 EDT" name="setupLoginData" finished-at="2024-04-16T11:10:40 EDT" duration-ms="27" status="PASS">
          <reporter-output>
          </reporter-output>
        </test-method> <!-- setupLoginData -->
        <test-method is-config="true" signature="launchApplication()[pri:0, instance:notes_and_pin.NotesTest@6f8e8894]" started-at="2024-04-16T11:10:40 EDT" name="launchApplication" finished-at="2024-04-16T11:10:43 EDT" duration-ms="2374" status="PASS">
          <reporter-output>
          </reporter-output>
        </test-method> <!-- launchApplication -->
        <test-method is-config="true" signature="initializeTest()[pri:0, instance:notes_and_pin.NotesTest@6f8e8894]" started-at="2024-04-16T11:10:43 EDT" name="initializeTest" finished-at="2024-04-16T11:12:26 EDT" duration-ms="103569" status="PASS">
          <reporter-output>
          </reporter-output>
        </test-method> <!-- initializeTest -->
        <test-method signature="verify_badge_dropdown_working_or_not(java.util.List)[pri:0, instance:notes_and_pin.NotesTest@6f8e8894]" started-at="2024-04-16T11:12:26 EDT" name="verify_badge_dropdown_working_or_not" data-provider="Right_Side_Navigation" finished-at="2024-04-16T11:16:27 EDT" duration-ms="240992" status="PASS">
          <params>
            <param index="0">
              <value>
                <![CDATA[[{Reply_Text=Reply Testing in Automation, Edit_Text=This is an Automation file for testing purpose, Add_Text=I am testing a notes in Automation file}]]]>
              </value>
            </param>
          </params>
          <reporter-output>
          </reporter-output>
        </test-method> <!-- verify_badge_dropdown_working_or_not -->
        <test-method is-config="true" signature="tearDown()[pri:0, instance:notes_and_pin.NotesTest@6f8e8894]" started-at="2024-04-16T11:16:27 EDT" name="tearDown" finished-at="2024-04-16T11:16:30 EDT" duration-ms="2643" status="PASS">
          <reporter-output>
          </reporter-output>
        </test-method> <!-- tearDown -->
      </class> <!-- notes_and_pin.NotesTest -->
    </test> <!-- Default test -->
  </suite> <!-- Default suite -->
</testng-results>
